Building DAG of jobs...
Using shell: /usr/local/bin/bash
Provided cores: 2
Rules claiming more threads will be scaled down.
Job stats:
job       count
------  -------
all           1
fastqc        1
total         2

Select jobs to execute...

[Thu Nov 20 17:16:58 2025]
rule fastqc:
    input: ../data/sample_1.fastq.gz
    output: ../results/fastqc/sample_1_fastqc.html, ../results/fastqc/sample_1_fastqc.zip
    log: ../logs/fastqc_sample_1.log
    jobid: 1
    reason: Missing output files: ../results/fastqc/sample_1_fastqc.html
    wildcards: sample=sample_1
    threads: 2
    resources: tmpdir=/var/folders/pp/zg4_512170bg6g1wf0n7bpxm0000gn/T

[Thu Nov 20 17:16:58 2025]
Error in rule fastqc:
    jobid: 1
    input: ../data/sample_1.fastq.gz
    output: ../results/fastqc/sample_1_fastqc.html, ../results/fastqc/sample_1_fastqc.zip
    log: ../logs/fastqc_sample_1.log (check log file(s) for error details)
    shell:
        
        fastqc ../data/sample_1.fastq.gz --outdir ../results/fastqc/ &> ../logs/fastqc_sample_1.log
        
        (one of the commands exited with non-zero exit code; note that snakemake uses bash strict mode!)

Shutting down, this might take some time.
Exiting because a job execution failed. Look above for error message
Complete log: .snakemake/log/2025-11-20T171657.837963.snakemake.log
