Building DAG of jobs...
Using shell: /usr/local/bin/bash
Provided cores: 4
Rules claiming more threads will be scaled down.
Job stats:
job       count
------  -------
all           1
fastqc        1
total         2

Select jobs to execute...

[Tue Dec  2 11:45:02 2025]
rule fastqc:
    input: ../data/sample_1.fastq.gz
    output: ../results/fastqc/sample_1_fastqc.html, ../results/fastqc/sample_1_fastqc.zip
    log: ../logs/fastqc_sample_1.log
    jobid: 1
    reason: Missing output files: ../results/fastqc/sample_1_fastqc.html
    wildcards: sample=sample_1
    threads: 2
    resources: tmpdir=/var/folders/pp/zg4_512170bg6g1wf0n7bpxm0000gn/T

[Tue Dec  2 11:45:13 2025]
Finished job 1.
1 of 2 steps (50%) done
Select jobs to execute...

[Tue Dec  2 11:45:13 2025]
localrule all:
    input: ../results/fastqc/sample_1_fastqc.html
    jobid: 0
    reason: Input files updated by another job: ../results/fastqc/sample_1_fastqc.html
    resources: tmpdir=/var/folders/pp/zg4_512170bg6g1wf0n7bpxm0000gn/T

[Tue Dec  2 11:45:13 2025]
Finished job 0.
2 of 2 steps (100%) done
Complete log: .snakemake/log/2025-12-02T114501.674914.snakemake.log
